<?xml version="1.0" encoding="UTF-8"?>
<!-- Generated by org.testng.reporters.JUnitReportReporter -->
<testsuite hostname="HOME-PC" failures="0" tests="1" name="TC_VideoGameAPI" time="4.307" errors="0" timestamp="2021-09-13T16:52:49 IST" skipped="0">
  <testcase classname="TC_VideoGameAPI" name="test_DeleteVideoGame" time="4.307"/>
  <system-out/>
</testsuite> <!-- TC_VideoGameAPI -->
