<?xml version="1.0" encoding="UTF-8"?>
<!-- Generated by org.testng.reporters.JUnitReportReporter -->
<testsuite hostname="HOME-PC" failures="0" tests="5" name="testCases.TC_VideoGameAPI" time="7.094" errors="0" timestamp="2021-09-13T17:03:08 IST" skipped="0">
  <testcase classname="testCases.TC_VideoGameAPI" name="test_getAllVideoGames" time="4.512"/>
  <system-out/>
  <testcase classname="testCases.TC_VideoGameAPI" name="test_addNewVideoGame" time="0.754"/>
  <system-out/>
  <testcase classname="testCases.TC_VideoGameAPI" name="test_getVideoGame" time="1.559"/>
  <system-out/>
  <testcase classname="testCases.TC_VideoGameAPI" name="test_UpdateVideoGame" time="0.181"/>
  <system-out/>
  <testcase classname="testCases.TC_VideoGameAPI" name="test_DeleteVideoGame" time="0.088"/>
  <system-out/>
</testsuite> <!-- testCases.TC_VideoGameAPI -->
